2025-08-07 16:03:09,458 - root - INFO - Virtual environment already exists. Skipping setup.
2025-08-07 16:03:09,458 - __main__ - INFO - Using database configuration from db_config.txt
2025-08-07 16:03:09,460 - parcel_filter.core.db_utils - INFO - Database connection established successfully
2025-08-07 16:03:09,460 - __main__ - INFO - Database connection established successfully - ready for user input
2025-08-07 16:03:09,508 - parcel_filter.core.filter - INFO - Found 2 available states: ['az', 'co']
2025-08-07 16:03:11,392 - __main__ - INFO - Selected state: co
2025-08-07 16:03:11,394 - parcel_filter.core.filter - INFO - Found 2 available counties for state co: ['adams', 'weld']
2025-08-07 16:03:13,482 - __main__ - INFO - Selected county: adams
2025-08-07 16:03:13,913 - parcel_filter.core.filter - INFO - Found 10 unique power operators
2025-08-07 16:03:13,913 - parcel_filter.core.filter - INFO - Available operators in data: ['~unknown~', 'CORE Electric Cooperative', 'Morgan County Rural Electric Association', 'Northern Wasco PUD', 'Platte River Power Authority', 'Public Service Company Of Colorado', 'Tri-State Generation & Transmission Association, Inc.', 'United Power, Inc.', 'Western Area Power Administration', 'Xcel Energy, Inc.']
2025-08-07 16:03:15,679 - __main__ - INFO - Selected power provider: Xcel Energy, Inc.
2025-08-07 16:03:15,680 - __main__ - INFO - Step 1: Loading parcels...
2025-08-07 16:03:16,025 - parcel_filter.core.filter - INFO - Unwanted activities columns: ['Land Use', 'Unwanted', 'Ownership', 'Unwanted.1']
2025-08-07 16:03:16,026 - parcel_filter.core.filter - INFO - Unique values in 'Unwanted' column: [ True False]
2025-08-07 16:03:16,027 - parcel_filter.core.filter - INFO - Unique values in 'Unwanted.1' column: [False nan]
2025-08-07 16:03:16,028 - parcel_filter.core.filter - INFO - Loaded 17 unwanted activities/ownerships from Google Sheets
2025-08-07 16:03:16,108 - parcel_filter.core.filter - INFO - Parcel count in parcels_filtered_initial: 0
2025-08-07 16:03:16,127 - parcel_filter.core.filter - INFO - Parcel count after initial filtering: 0
2025-08-07 16:03:16,127 - parcel_filter.core.filter - INFO - Loaded 0 parcels after initial filtering
2025-08-07 16:03:16,127 - parcel_filter.core.filter - ERROR - CRITICAL ERROR: Only 0 parcel(s) remaining after initial loading filter. Pipeline cannot continue.
2025-08-07 16:03:16,127 - parcel_filter.core.db_utils - INFO - Database connection closed
